2023-01-10 18:48:28,724 :INFO :********** Test_002_DDT_Login **********
2023-01-10 18:48:28,724 :INFO :********** Verifying Login DDT Test **********
2023-01-11 16:14:36,643 :INFO :********** Test_002_DDT_Login **********
2023-01-11 16:14:36,645 :INFO :********** Verifying Login DDT Test **********
2023-01-12 11:40:15,790 :INFO :********** Test_002_DDT_Login **********
2023-01-12 11:40:15,790 :INFO :********** Verifying Login DDT Test **********
2023-01-12 11:44:52,475 :INFO :********** Test_002_DDT_Login **********
2023-01-12 11:44:52,475 :INFO :********** Verifying Login DDT Test **********
2023-01-12 11:45:55,326 :INFO :********** Test_002_DDT_Login **********
2023-01-12 11:45:55,327 :INFO :********** Verifying Login DDT Test **********
2023-01-12 11:46:54,786 :INFO :********** Test_002_DDT_Login **********
2023-01-12 11:46:54,787 :INFO :********** Verifying Login DDT Test **********
2023-01-12 11:47:37,816 :INFO :********** Test_002_DDT_Login **********
2023-01-12 11:47:37,816 :INFO :********** Verifying Login DDT Test **********
2023-01-12 11:48:07,970 :INFO :********** Test_002_DDT_Login **********
2023-01-12 11:48:07,970 :INFO :********** Verifying Login DDT Test **********
2023-01-12 12:20:50,411 :INFO :********** Test_002_DDT_Login **********
2023-01-12 12:20:50,411 :INFO :********** Verifying Login DDT Test **********
2023-01-12 12:21:03,460 :INFO :********** Failed **********
2023-01-12 12:21:07,824 :INFO :********** Passed **********
2023-01-12 12:21:11,117 :INFO :********** Passed **********
2023-01-12 12:21:14,304 :INFO :********** Passed **********
2023-01-12 12:21:14,304 :ERROR :********** DDT Login Test Failed **********
2023-01-12 12:21:14,456 :ERROR :********** DDT Login Test Completed **********
2023-01-12 12:25:28,470 :INFO :********** Test_002_DDT_Login **********
2023-01-12 12:25:28,470 :INFO :********** Verifying Login DDT Test **********
2023-01-12 12:25:41,266 :INFO :********** Failed **********
2023-01-12 12:25:44,492 :INFO :********** Passed **********
2023-01-12 12:25:50,086 :INFO :********** Passed **********
2023-01-12 12:25:55,711 :INFO :********** Passed **********
2023-01-12 12:25:55,711 :ERROR :********** DDT Login Test Failed **********
2023-01-12 12:25:55,846 :ERROR :********** DDT Login Test Completed **********
2023-01-12 13:23:18,319 :INFO :********** Test_002_DDT_Login **********
2023-01-12 13:23:18,320 :INFO :********** Verifying Login DDT Test **********
2023-01-12 13:23:34,315 :INFO :********** Failed **********
2023-01-12 13:23:39,305 :INFO :********** Passed **********
2023-01-12 13:23:42,492 :INFO :********** Passed **********
2023-01-12 13:23:45,720 :INFO :********** Passed **********
2023-01-12 13:23:45,723 :ERROR :********** DDT Login Test Failed **********
2023-01-12 13:23:45,921 :ERROR :********** DDT Login Test Completed **********
2023-01-12 13:27:17,399 :INFO :********** Test_002_DDT_Login **********
2023-01-12 13:27:17,400 :INFO :********** Verifying Login DDT Test **********
2023-01-12 13:28:51,495 :INFO :********** Test_002_DDT_Login **********
2023-01-12 13:28:51,495 :INFO :********** Verifying Login DDT Test **********
2023-01-12 13:29:00,361 :INFO :********** Failed **********
2023-01-12 13:29:03,743 :INFO :********** Passed **********
2023-01-12 13:29:07,292 :INFO :********** Passed **********
2023-01-12 13:29:10,555 :INFO :********** Passed **********
2023-01-12 13:29:10,555 :INFO :************ PASSED *************
2023-01-12 13:29:10,675 :ERROR :********** DDT Login Test Completed **********
2023-01-12 14:47:34,889 :INFO :********** Test_002_DDT_Login **********
2023-01-12 14:47:34,890 :INFO :********** Verifying Login DDT Test **********
2023-01-12 14:47:44,406 :INFO :********** Failed **********
2023-01-12 14:47:47,734 :INFO :********** Passed **********
2023-01-12 14:47:50,937 :INFO :********** Passed **********
2023-01-12 14:47:54,593 :INFO :********** Passed **********
2023-01-12 14:47:54,593 :INFO :************ Failed *************
2023-01-12 14:47:54,726 :ERROR :********** DDT Login Test Completed **********
2023-01-12 14:48:45,687 :INFO :********** Test_002_DDT_Login **********
2023-01-12 14:48:45,688 :INFO :********** Verifying Login DDT Test **********
2023-01-12 14:52:06,769 :INFO :********** Test_002_DDT_Login **********
2023-01-12 14:52:06,769 :INFO :********** Verifying Login DDT Test **********
2023-01-12 17:37:00,775 :INFO :********** Test_003_Add_NonSerialized_Item **********
2023-01-12 17:37:00,776 :INFO :********** Verifying Add Non-Serialized Item **********
2023-01-12 17:39:49,144 :INFO :********** Test_001_Login **********
2023-01-12 17:39:49,144 :INFO :********** Test_001_Login **********
2023-01-12 17:39:49,145 :INFO :********** Verifying Login Test **********
2023-01-12 17:39:49,145 :INFO :********** Verifying Login Test **********
2023-01-12 17:40:00,054 :INFO :********** Login Test Passed **********
2023-01-12 17:40:00,054 :INFO :********** Login Test Passed **********
2023-01-12 17:40:01,476 :INFO :********** Test_003_Add_NonSerialized_Item **********
2023-01-12 17:40:01,476 :INFO :********** Test_003_Add_NonSerialized_Item **********
2023-01-12 17:40:01,476 :INFO :********** Verifying Add Non-Serialized Item **********
2023-01-12 17:40:01,476 :INFO :********** Verifying Add Non-Serialized Item **********
2023-01-12 17:44:30,453 :INFO :********** Test_001_Login **********
2023-01-12 17:44:30,453 :INFO :********** Test_001_Login **********
2023-01-12 17:44:30,453 :INFO :********** Test_001_Login **********
2023-01-12 17:44:30,454 :INFO :********** Verifying Login Test **********
2023-01-12 17:44:30,454 :INFO :********** Verifying Login Test **********
2023-01-12 17:44:30,454 :INFO :********** Verifying Login Test **********
2023-01-12 17:44:40,154 :INFO :********** Login Test Passed **********
2023-01-12 17:44:40,154 :INFO :********** Login Test Passed **********
2023-01-12 17:44:40,154 :INFO :********** Login Test Passed **********
2023-01-12 17:44:41,660 :INFO :********** Test_003_Add_NonSerialized_Item **********
2023-01-12 17:44:41,660 :INFO :********** Test_003_Add_NonSerialized_Item **********
2023-01-12 17:44:41,660 :INFO :********** Test_003_Add_NonSerialized_Item **********
2023-01-12 17:44:41,660 :INFO :********** Verifying Add Non-Serialized Item **********
2023-01-12 17:44:41,660 :INFO :********** Verifying Add Non-Serialized Item **********
2023-01-12 17:44:41,660 :INFO :********** Verifying Add Non-Serialized Item **********
2023-01-12 17:46:33,321 :INFO :********** Test_001_Login **********
2023-01-12 17:46:33,321 :INFO :********** Test_001_Login **********
2023-01-12 17:46:33,321 :INFO :********** Test_001_Login **********
2023-01-12 17:46:33,322 :INFO :********** Verifying Login Test **********
2023-01-12 17:46:33,322 :INFO :********** Verifying Login Test **********
2023-01-12 17:46:33,322 :INFO :********** Verifying Login Test **********
2023-01-12 17:46:42,429 :INFO :********** Login Test Passed **********
2023-01-12 17:46:42,429 :INFO :********** Login Test Passed **********
2023-01-12 17:46:42,429 :INFO :********** Login Test Passed **********
2023-01-12 17:46:44,019 :INFO :********** Test_003_Add_NonSerialized_Item **********
2023-01-12 17:46:44,019 :INFO :********** Test_003_Add_NonSerialized_Item **********
2023-01-12 17:46:44,019 :INFO :********** Test_003_Add_NonSerialized_Item **********
2023-01-12 17:46:44,019 :INFO :********** Verifying Add Non-Serialized Item **********
2023-01-12 17:46:44,019 :INFO :********** Verifying Add Non-Serialized Item **********
2023-01-12 17:46:44,019 :INFO :********** Verifying Add Non-Serialized Item **********
2023-01-12 17:51:40,891 :INFO :********** Test_001_Login **********
2023-01-12 17:51:40,891 :INFO :********** Test_001_Login **********
2023-01-12 17:51:40,891 :INFO :********** Test_001_Login **********
2023-01-12 17:51:40,892 :INFO :********** Verifying Login Test **********
2023-01-12 17:51:40,892 :INFO :********** Verifying Login Test **********
2023-01-12 17:51:40,892 :INFO :********** Verifying Login Test **********
2023-01-12 17:51:50,425 :INFO :********** Login Test Passed **********
2023-01-12 17:51:50,425 :INFO :********** Login Test Passed **********
2023-01-12 17:51:50,425 :INFO :********** Login Test Passed **********
2023-01-12 17:51:51,825 :INFO :********** Test_003_Add_NonSerialized_Item **********
2023-01-12 17:51:51,825 :INFO :********** Test_003_Add_NonSerialized_Item **********
2023-01-12 17:51:51,825 :INFO :********** Test_003_Add_NonSerialized_Item **********
2023-01-12 17:51:51,825 :INFO :********** Verifying Add Non-Serialized Item **********
2023-01-12 17:51:51,825 :INFO :********** Verifying Add Non-Serialized Item **********
2023-01-12 17:51:51,825 :INFO :********** Verifying Add Non-Serialized Item **********
2023-01-12 18:19:05,670 :INFO :********** Test_001_Login **********
2023-01-12 18:19:05,670 :INFO :********** Test_001_Login **********
2023-01-12 18:19:05,670 :INFO :********** Test_001_Login **********
2023-01-12 18:19:05,671 :INFO :********** Verifying Login Test **********
2023-01-12 18:19:05,671 :INFO :********** Verifying Login Test **********
2023-01-12 18:19:05,671 :INFO :********** Verifying Login Test **********
2023-01-12 18:19:17,649 :INFO :********** Login Test Passed **********
2023-01-12 18:19:17,649 :INFO :********** Login Test Passed **********
2023-01-12 18:19:17,649 :INFO :********** Login Test Passed **********
2023-01-12 18:19:17,761 :INFO :********** Test_003_Add_NonSerialized_Item **********
2023-01-12 18:19:17,761 :INFO :********** Test_003_Add_NonSerialized_Item **********
2023-01-12 18:19:17,761 :INFO :********** Test_003_Add_NonSerialized_Item **********
2023-01-12 18:19:17,776 :INFO :********** Verifying Add Non-Serialized Item **********
2023-01-12 18:19:17,776 :INFO :********** Verifying Add Non-Serialized Item **********
2023-01-12 18:19:17,776 :INFO :********** Verifying Add Non-Serialized Item **********
